RUN	RecordedSimulation	recordedsimulation	1616525470945	Correo ICT	3.5.1
USER	RecordedSimulation	START	1616525472293
REQUEST		request_0	1616525472328	1616525475785	OK	 
ERROR	request_1: Failed to build request: Resource /recordedsimulation/0001_request.dat not found 	1616525475819
REQUEST		request_2	1616525478825	1616525478928	KO	status.find.in(200,201,202,203,204,205,206,207,208,209,304), found 403
REQUEST		request_3	1616525482935	1616525485846	OK	 
REQUEST		request_4	1616525485869	1616525485987	OK	 
REQUEST		request_7	1616525485871	1616525486047	OK	 
REQUEST		request_5	1616525485870	1616525486126	OK	 
REQUEST		request_6	1616525485871	1616525486128	OK	 
REQUEST		request_8	1616525491131	1616525491252	KO	status.find.in(200,201,202,203,204,205,206,207,208,209,304), found 403
REQUEST		request_9	1616525494255	1616525494374	KO	status.find.in(200,201,202,203,204,205,206,207,208,209,304), found 403
REQUEST		request_10	1616525496377	1616525496493	KO	status.find.in(200,201,202,203,204,205,206,207,208,209,304), found 403
REQUEST		request_11	1616525499495	1616525499641	KO	status.find.in(200,201,202,203,204,205,206,207,208,209,304), found 403
REQUEST		request_12	1616525502644	1616525502770	KO	status.find.in(200,201,202,203,204,205,206,207,208,209,304), found 403
REQUEST		request_13	1616525505773	1616525505908	KO	status.find.in(200,201,202,203,204,205,206,207,208,209,304), found 403
REQUEST		request_14	1616525509911	1616525510034	KO	status.find.in(200,201,202,203,204,205,206,207,208,209,304), found 403
REQUEST		request_15	1616525513036	1616525513153	KO	status.find.in(200,201,202,203,204,205,206,207,208,209,304), found 403
REQUEST		request_16	1616525516156	1616525516254	KO	status.find.in(200,201,202,203,204,205,206,207,208,209,304), found 403
REQUEST		request_17	1616525518257	1616525518420	KO	status.find.in(200,201,202,203,204,205,206,207,208,209,304), found 403
REQUEST		request_18	1616525521423	1616525521554	KO	status.find.in(200,201,202,203,204,205,206,207,208,209,304), found 403
USER	RecordedSimulation	END	1616525521558
