RUN	JuventudRebelde	juventudrebelde	1616529625466	Juventud Rebelde	3.5.1
USER	JuventudRebelde	START	1616529626886
REQUEST		request_0	1616529626916	1616529627724	OK	 
REQUEST		favicon.ico	1616529627886	1616529627972	OK	 
REQUEST		android-icon-192x192.png	1616529627887	1616529628024	OK	 
REQUEST		favicon-96x96.png	1616529627888	1616529628059	OK	 
REQUEST		favicon-32x32.png	1616529627887	1616529628064	OK	 
REQUEST		favicon-16x16.png	1616529627888	1616529628069	OK	 
REQUEST		bootstrap-theme.min.css	1616529627993	1616529628080	OK	 
REQUEST		font-awesome.min.css	1616529628025	1616529628103	OK	 
REQUEST		bootstrap.min.css	1616529627888	1616529628129	OK	 
REQUEST		styles.min.css	1616529628071	1616529628144	OK	 
REQUEST		weather-icons-wind.min.css	1616529628066	1616529628152	OK	 
REQUEST		weather-icons.min.css	1616529628061	1616529628163	OK	 
REQUEST		app.min.css	1616529628101	1616529628178	OK	 
REQUEST		flexslider.min.css	1616529628106	1616529628181	OK	 
REQUEST		pure-css-checkbox.min.css	1616529628135	1616529628202	OK	 
REQUEST		common-menu.min.css	1616529628146	1616529628223	OK	 
REQUEST		nav-clean.min.css	1616529628161	1616529628239	OK	 
REQUEST		news-common.min.css	1616529628166	1616529628249	OK	 
REQUEST		animate.min.css	1616529628180	1616529628259	OK	 
REQUEST		responsive.min.css	1616529628182	1616529628261	OK	 
REQUEST		juventud_rebelde.png	1616529628204	1616529628273	OK	 
REQUEST		jr.png	1616529628224	1616529628275	OK	 
REQUEST		Jrz56D_23-03-2021_15.03.01.000000.jpg	1616529628250	1616529628304	OK	 
REQUEST		english.png	1616529628240	1616529628306	OK	 
REQUEST		Xwv2G1_23-03-2021_11.03.17.000000.jpg	1616529628262	1616529628323	OK	 
REQUEST		U0UC5c_23-03-2021_12.03.52.000000.jpg	1616529628261	1616529628327	OK	 
REQUEST		DVesBf_23-03-2021_10.03.14.000000.jpg	1616529628274	1616529628334	OK	 
REQUEST		r6fGg9_22-03-2021_23.03.55.000000.jpg	1616529628275	1616529628345	OK	 
REQUEST		rx4P9u_20-03-2021_20.03.55.000000.jpg	1616529628305	1616529628365	OK	 
REQUEST		Bas0mY_21-03-2021_12.03.39.000000.jpg	1616529628306	1616529628392	OK	 
REQUEST		XdbtO7_18-03-2021_19.03.26.000000.jpg	1616529628324	1616529628399	OK	 
REQUEST		uvxR4J_22-03-2021_16.03.51.000000.jpg	1616529628328	1616529628401	OK	 
REQUEST		XzYc3V_22-03-2021_16.03.17.000000.jpg	1616529628335	1616529628403	OK	 
REQUEST		en_linea.svg	1616529628345	1616529628405	OK	 
REQUEST		brand.png	1616529628366	1616529628448	OK	 
REQUEST		Jrz56D_23-03-2021_15.03.01.000000.jpg	1616529628393	1616529628467	OK	 
REQUEST		YxupAn_23-03-2021_00.03.22.000000.jpg	1616529628406	1616529628490	OK	 
REQUEST		TIPiHp_23-03-2021_00.03.03.000000.jpg	1616529628404	1616529628494	OK	 
REQUEST		5K4yRL_23-03-2021_09.03.40.000000.jpg	1616529628402	1616529628497	OK	 
REQUEST		U0UC5c_23-03-2021_12.03.52.000000.jpg	1616529628469	1616529628545	OK	 
REQUEST		jwrtnQ_23-03-2021_11.03.05.000000.jpg	1616529628400	1616529628554	OK	 
REQUEST		3hcg2x_22-03-2021_22.03.01.000000.jpg	1616529628495	1616529628575	OK	 
REQUEST		zm5nMq_23-03-2021_01.03.29.000000.jpg	1616529628450	1616529628586	OK	 
REQUEST		0xSnq4_23-03-2021_14.03.17.000000.jpg	1616529628499	1616529628590	OK	 
REQUEST		FB9fHT_22-03-2021_10.03.43.000000.jpg	1616529628546	1616529628632	OK	 
REQUEST		UMLY7t_22-03-2021_16.03.42.000000.jpg	1616529628587	1616529628662	OK	 
REQUEST		r6fGg9_22-03-2021_23.03.55.000000.jpg	1616529628576	1616529628665	OK	 
REQUEST		uvxR4J_22-03-2021_16.03.51.000000.jpg	1616529628591	1616529628667	OK	 
REQUEST		4GPtNM_22-03-2021_15.03.37.000000.jpg	1616529628555	1616529628682	OK	 
REQUEST		4gJ6Wm_23-03-2021_00.03.27.000000.jpg	1616529628492	1616529628684	OK	 
REQUEST		E9Ps5D_22-03-2021_12.03.06.000000.jpg	1616529628633	1616529628707	OK	 
REQUEST		DVesBf_23-03-2021_10.03.14.000000.jpg	1616529628663	1616529628747	OK	 
REQUEST		Xwv2G1_23-03-2021_11.03.17.000000.jpg	1616529628666	1616529628750	OK	 
REQUEST		Mctuys_23-03-2021_08.03.58.000000.jpg	1616529628668	1616529628752	OK	 
REQUEST		XzYc3V_22-03-2021_16.03.17.000000.jpg	1616529628683	1616529628755	OK	 
REQUEST		EIsGUs_20-03-2021_21.03.25.000000.jpg	1616529628685	1616529628760	OK	 
REQUEST		7nLHLC_20-03-2021_19.03.19.000000.jpg	1616529628707	1616529628807	OK	 
REQUEST		apsMLS_22-03-2021_13.03.56.000000.jpg	1616529628761	1616529628842	OK	 
REQUEST		n7x3rV_20-03-2021_23.03.17.000000.jpg	1616529628808	1616529628875	OK	 
REQUEST		1lwFDP_21-03-2021_13.03.09.000000.jpg	1616529628842	1616529628933	OK	 
REQUEST		tQRU2g_20-03-2021_22.03.00.000000.jpg	1616529628876	1616529628943	OK	 
REQUEST		1Il7A8_17-03-2021_22.03.16.000000.jpg	1616529628934	1616529629014	OK	 
REQUEST		QMXzyV_22-03-2021_11.03.10.000000.jpg	1616529628945	1616529629028	OK	 
REQUEST		uE2vD6_22-03-2021_16.03.49.000000.jpg	1616529629015	1616529629092	OK	 
REQUEST		uulPEW_20-03-2021_19.03.57.000000.jpg	1616529628749	1616529629126	OK	 
REQUEST		PLXFwb_20-03-2021_20.03.14.000000.jpg	1616529628751	1616529629131	OK	 
REQUEST		5yHrCp_21-03-2021_00.03.07.000000.jpg	1616529628753	1616529629137	OK	 
REQUEST		3x6PmR_22-03-2021_16.03.54.000000.jpg	1616529628757	1616529629141	OK	 
REQUEST		Graziella-Pogolotti-ddsilue.jpg	1616529629132	1616529629197	OK	 
REQUEST		user.jpg	1616529629127	1616529629198	OK	 
REQUEST		ciro-bianchi.jpg	1616529629138	1616529629199	OK	 
REQUEST		QEuhos_11-11-2020_17.11.12.000000.svg	1616529629093	1616529629230	OK	 
REQUEST		icon-gray.png	1616529629142	1616529629233	OK	 
REQUEST		CuaZTE_15-10-2020_09.10.00.000000.jpg	1616529629197	1616529629264	OK	 
REQUEST		dxd6un_06-11-2019_08.11.19.000000.jpg	1616529629199	1616529629285	OK	 
REQUEST		frente al espejo.png	1616529629234	1616529629305	KO	status.find.in(200,201,202,203,204,205,206,207,208,209,304), found 400
REQUEST		acuse.png	1616529629231	1616529629314	OK	 
REQUEST		la tecla del duende.png	1616529629265	1616529629326	KO	status.find.in(200,201,202,203,204,205,206,207,208,209,304), found 400
REQUEST		Fc4IKZ_06-02-2019_23.02.57.000000.svg	1616529629200	1616529629363	OK	 
REQUEST		inter-nos.png	1616529629285	1616529629370	OK	 
REQUEST		l치tigo y cascabel.png	1616529629315	1616529629392	KO	status.find.in(200,201,202,203,204,205,206,207,208,209,304), found 400
REQUEST		SGcYTD_06-03-2020_15.03.39.000000.svg	1616529629030	1616529629438	OK	 
REQUEST		tiempo extra.png	1616529629364	1616529629441	KO	status.find.in(200,201,202,203,204,205,206,207,208,209,304), found 400
REQUEST		los que so침amos por la oreja.png	1616529629307	1616529629451	KO	status.find.in(200,201,202,203,204,205,206,207,208,209,304), found 400
REQUEST		los 3 del domingo.png	1616529629370	1616529629454	KO	status.find.in(200,201,202,203,204,205,206,207,208,209,304), found 400
REQUEST		lectura.png	1616529629327	1616529629471	OK	 
REQUEST		ib0Sno_25-09-2017_22.09.33.000000.jpg	1616529629439	1616529629504	OK	 
REQUEST		una foto una historia.png	1616529629393	1616529629532	KO	status.find.in(200,201,202,203,204,205,206,207,208,209,304), found 400
REQUEST		Dad6Ln_29-09-2017_22.09.25.000000.jpg	1616529629472	1616529629537	OK	 
REQUEST		evUeyH_06-02-2019_23.02.14.000000.svg	1616529629506	1616529629653	OK	 
REQUEST		iv4g19_15-03-2021_23.03.00.000000.jpg	1616529629539	1616529629657	OK	 
REQUEST		3H2qVs_17-03-2021_00.03.56.000000.jpg	1616529629534	1616529629709	OK	 
REQUEST		ztAU0w_05-11-2019_14.11.41.000000.svg	1616529629442	1616529629732	OK	 
REQUEST		4ucBFY_20-03-2021_17.03.37.000000.jpg	1616529629655	1616529629734	OK	 
REQUEST		6mY1LB_14-03-2021_13.03.17.000000.jpg	1616529629658	1616529629736	OK	 
REQUEST		TmJpk9_12-03-2021_10.03.13.000000.jpg	1616529629709	1616529629765	OK	 
REQUEST		AY8OV7_09-03-2021_21.03.21.000000.jpg	1616529629732	1616529629782	OK	 
REQUEST		ggkyWF_09-03-2019_23.03.43.000000.JPG	1616529629735	1616529629812	OK	 
REQUEST		sEGkIk_14-03-2021_01.03.32.000000.jpg	1616529629737	1616529629813	OK	 
REQUEST		o5zDiT_14-10-2020_18.10.07.000000.svg	1616529629455	1616529629850	OK	 
REQUEST		Y36WL4_13-03-2021_21.03.00.000000.jpg	1616529629766	1616529629851	OK	 
REQUEST		cubavision.png	1616529629783	1616529629866	OK	 
REQUEST		telerebelde.png	1616529629813	1616529629888	OK	 
REQUEST		canal-educativo-2.png	1616529629812	1616529629890	OK	 
REQUEST		xuO6u2_14-10-2020_18.10.43.000000.svg	1616529629452	1616529629900	OK	 
REQUEST		canal-educativo.png	1616529629851	1616529629904	OK	 
REQUEST		multivision.png	1616529629851	1616529629917	OK	 
REQUEST		clave.png	1616529629867	1616529629935	OK	 
REQUEST		en red.png	1616529629889	1616529629948	KO	status.find.in(200,201,202,203,204,205,206,207,208,209,304), found 400
REQUEST		sexo sentido.png	1616529629901	1616529629964	KO	status.find.in(200,201,202,203,204,205,206,207,208,209,304), found 400
REQUEST		c칩digo fuente.png	1616529629891	1616529629967	KO	status.find.in(200,201,202,203,204,205,206,207,208,209,304), found 400
REQUEST		el tintero.png	1616529629905	1616529629969	KO	status.find.in(200,201,202,203,204,205,206,207,208,209,304), found 400
REQUEST		asi de facil.png	1616529629918	1616529629981	KO	status.find.in(200,201,202,203,204,205,206,207,208,209,304), found 400
REQUEST		detr치s de la ciencia.png	1616529629936	1616529629984	KO	status.find.in(200,201,202,203,204,205,206,207,208,209,304), found 400
REQUEST		de impacto.png	1616529629949	1616529630063	KO	status.find.in(200,201,202,203,204,205,206,207,208,209,304), found 400
REQUEST		la tira del lente.png	1616529629968	1616529630125	KO	status.find.in(200,201,202,203,204,205,206,207,208,209,304), found 400
REQUEST		en serio con la series.png	1616529629965	1616529630130	KO	status.find.in(200,201,202,203,204,205,206,207,208,209,304), found 400
REQUEST		cocina con jr.png	1616529629970	1616529630134	KO	status.find.in(200,201,202,203,204,205,206,207,208,209,304), found 400
REQUEST		okCrUc_23-03-2021_15.03.25.000000.jpg	1616529629982	1616529630139	OK	 
REQUEST		rbS6Vw_18-03-2021_22.03.13.000000.jpg	1616529629985	1616529630147	OK	 
REQUEST		modal-galleries.min.js	1616529630140	1616529630222	OK	 
REQUEST		jquery.flexslider-min.js	1616529630148	1616529630227	OK	 
REQUEST		opciones.png	1616529630065	1616529630230	OK	 
REQUEST		script-top-menu.min.js	1616529630135	1616529630254	OK	 
REQUEST		dedete.png	1616529630126	1616529630276	OK	 
REQUEST		bootstrap.min.js	1616529630224	1616529630289	OK	 
REQUEST		bootstrap-datepicker.es.min.js	1616529630232	1616529630303	OK	 
REQUEST		bootstrap-datepicker.min.js	1616529630229	1616529630312	OK	 
REQUEST		datepicker.min.css	1616529630255	1616529630327	OK	 
REQUEST		jquery-3.1.1.min.js	1616529630131	1616529630345	OK	 
REQUEST		datepicker.min.js	1616529630277	1616529630357	OK	 
REQUEST		datepicker.en.min.js	1616529630304	1616529630365	OK	 
REQUEST		datepicker.es.min.js	1616529630313	1616529630390	OK	 
REQUEST		owl.carousel.min.css	1616529630328	1616529630398	OK	 
REQUEST		owl.theme.min.css	1616529630346	1616529630414	OK	 
REQUEST		moment.min.js	1616529630290	1616529630444	OK	 
REQUEST		owl.transitions.min.css	1616529630358	1616529630446	OK	 
REQUEST		owl.carousel.min.js	1616529630365	1616529630450	OK	 
REQUEST		request_3	1616529630415	1616529630481	OK	 
REQUEST		request_1	1616529630391	1616529630501	OK	 
REQUEST		request_6	1616529630450	1616529630539	OK	 
REQUEST		request_2	1616529630399	1616529630542	OK	 
REQUEST		request_7	1616529630481	1616529630543	OK	 
REQUEST		request_4	1616529630445	1616529630576	OK	 
REQUEST		request_8	1616529630502	1616529630578	OK	 
REQUEST		request_5	1616529630448	1616529630601	OK	 
REQUEST		request_9	1616529630540	1616529630621	OK	 
REQUEST		request_10	1616529630542	1616529630623	OK	 
REQUEST		request_11	1616529630544	1616529630624	OK	 
REQUEST		request_12	1616529630577	1616529630639	OK	 
REQUEST		request_13	1616529630579	1616529630640	OK	 
REQUEST		request_14	1616529630601	1616529630662	OK	 
REQUEST		request_17	1616529630625	1616529630705	OK	 
REQUEST		request_16	1616529630623	1616529630707	OK	 
REQUEST		request_18	1616529630640	1616529630710	OK	 
REQUEST		request_15	1616529630622	1616529630712	OK	 
REQUEST		request_20	1616529630663	1616529630720	OK	 
REQUEST		request_19	1616529630641	1616529630722	OK	 
REQUEST		request_21	1616529630706	1616529630782	OK	 
REQUEST		request_23	1616529630711	1616529630787	OK	 
REQUEST		request_22	1616529630709	1616529630789	OK	 
USER	JuventudRebelde	END	1616529630795
