RUN	RecordedSimulation	recordedsimulation	1616526406268	Cubadebate	3.5.1
USER	RecordedSimulation	START	1616526407727
REQUEST		request_0	1616526407759	1616526408257	OK	 
REQUEST		favicon.ico	1616526408438	1616526408521	OK	 
REQUEST		ordenamiento-monetario.jpg	1616526408526	1616526408595	OK	 
REQUEST		styles.css&ver=4.10	1616526408440	1616526408625	OK	 
REQUEST		nggallery.css&ver=4.10	1616526408439	1616526408669	OK	 
REQUEST		print.css&ver=4.10	1616526408440	1616526408674	OK	 
REQUEST		logo.png	1616526408441	1616526408678	OK	 
REQUEST		thumbs_fidel-castro-en-primer-plano-2.jpg	1616526408443	1616526408683	OK	 
REQUEST		podcast_cd.png	1616526408603	1616526408689	OK	 
REQUEST		default.jpg?v=CT77oJvnYbw	1616526408442	1616526408692	OK	 
REQUEST		request_1	1616526408444	1616526408694	OK	 
REQUEST		thumbs_fidel-castro-en-primer-plano-7.jpg	1616526408443	1616526408702	OK	 
REQUEST		style.css&ver=4.10	1616526408439	1616526408707	OK	 
REQUEST		thumbs_fidel-castro-en-primer-plano-14.jpg	1616526408443	1616526408725	OK	 
REQUEST		modernizr.js?ver=5.1.1	1616526408690	1616526408759	OK	 
REQUEST		podcast_cd.png	1616526408693	1616526408762	OK	 
REQUEST		thumbs_fidel-castro-en-primer-plano-13.jpg	1616526408703	1616526408772	OK	 
REQUEST		jquery.js&ver=4.10	1616526408441	1616526408774	OK	 
REQUEST		thumbs_fidel-castro-en-primer-plano-11.jpg	1616526408726	1616526408805	OK	 
REQUEST		jquery.cycle2.min.js?ver=5.1.1	1616526408672	1616526408815	OK	 
REQUEST		wp-embed.min.js&ver=4.10	1616526408676	1616526408816	OK	 
REQUEST		thumbs_fidel-castro-en-primer-plano-3.jpg	1616526408684	1616526408820	OK	 
REQUEST		scripts.js&ver=4.10	1616526408662	1616526408875	OK	 
REQUEST		thumbs_fidel-castro-en-primer-plano-6.jpg	1616526408806	1616526408892	OK	 
REQUEST		R3A9055-180x150.jpg	1616526408821	1616526408906	OK	 
REQUEST		thumbs_fidel-castro-en-primer-plano-8.jpg	1616526408773	1616526408909	OK	 
REQUEST		thumbs_fidel-castro-en-primer-plano-12.jpg	1616526408762	1616526408910	OK	 
REQUEST		ordenamiento-monetario.jpg	1616526408679	1616526408944	OK	 
REQUEST		R3A9043-180x150.jpg	1616526408893	1616526408965	OK	 
REQUEST		R3A9339-180x150.jpg	1616526408907	1616526408992	OK	 
REQUEST		DSC8729-1024x661.jpg	1616526408910	1616526409068	OK	 
REQUEST		coronavirus-banner-300px-150x125.png	1616526408911	1616526409080	OK	 
REQUEST		a5725c908c26ba6331d11.jpg	1616526408993	1616526409160	OK	 
REQUEST		vacuna-abdala-acn-150x125.png	1616526409161	1616526409323	OK	 
REQUEST		full-jose-denis.jpg	1616526409081	1616526409352	OK	 
REQUEST		MICRORELATOS-2.jpg	1616526408966	1616526409361	OK	 
REQUEST		utilizacion-de-tecnologia-rustica-6492-180x150.jpg	1616526409324	1616526409450	OK	 
REQUEST		ordenamiento-monetario-agricultura-580x321.png	1616526408945	1616526409454	OK	 
REQUEST		Miguel-angel-Iglesias-administrador-del-taller-San-Agustin-6479-180x150.jpg	1616526409362	1616526409456	OK	 
REQUEST		trabajadores-de-la-brigada-No.1-de-Promat-6445-180x150.jpg	1616526409353	1616526409460	OK	 
REQUEST		ensayo-de-intervencion-soberana-02-cuba.jpg	1616526409069	1616526409472	OK	 
REQUEST		atilio-boron.jpg	1616526409451	1616526409520	OK	 
REQUEST		telam-casofacundo-madrejpg.jpg_1718483347.jpg	1616526409458	1616526409564	OK	 
REQUEST		La-hija-del-rey-dragón-copia-150x125.png	1616526409461	1616526409599	OK	 
REQUEST		6059a02459bf5b7c381595ed-150x125.jpg	1616526409473	1616526409629	OK	 
REQUEST		luis-a-montero-cabrera.jpg	1616526409521	1616526409630	OK	 
REQUEST		gracziella-pogolotti.jpg	1616526409566	1616526409647	OK	 
REQUEST		TumbaTolstoi.jpg	1616526409455	1616526409649	OK	 
REQUEST		boris-luis-cabrera-acosta.jpg	1616526409600	1616526409665	OK	 
REQUEST		cesar-gomez-chacon.jpg	1616526409629	1616526409694	OK	 
REQUEST		giraldo-mazola.jpg	1616526409631	1616526409719	OK	 
REQUEST		miguel-diaz-canel.jpg	1616526409649	1616526409744	OK	 
REQUEST		ines-maria-chapman-waugh.jpg	1616526409648	1616526409819	OK	 
REQUEST		razonesdecuba.jpg	1616526409666	1616526409827	OK	 
REQUEST		mesa-redonda.jpg	1616526409695	1616526409834	OK	 
REQUEST		request_4	1616526409745	1616526409959	OK	 
REQUEST		request_5	1616526409820	1616526409993	OK	 
REQUEST		request_3	1616526409721	1616526410091	OK	 
REQUEST		PORTADA-VACUNA-2-940x520.jpg	1616526408442	1616526412517	OK	 
USER	RecordedSimulation	END	1616526414534
