RUN	Cubadebate	cubadebate	1616528686688	Cubadebate	3.5.1
USER	Cubadebate	START	1616528688178
REQUEST		request_0	1616528688213	1616528688716	OK	 
REQUEST		favicon.ico	1616528688910	1616528689016	OK	 
REQUEST		ordenamiento-monetario.jpg	1616528689021	1616528689096	OK	 
REQUEST		styles.css&ver=4.10	1616528688912	1616528689120	OK	 
REQUEST		nggallery.css&ver=4.10	1616528688911	1616528689155	OK	 
REQUEST		print.css&ver=4.10	1616528688911	1616528689162	OK	 
REQUEST		logo.png	1616528688912	1616528689169	OK	 
REQUEST		default.jpg?v=CT77oJvnYbw	1616528688980	1616528689248	OK	 
REQUEST		podcast_cd.png	1616528689102	1616528689261	OK	 
REQUEST		request_1	1616528688985	1616528689267	OK	 
REQUEST		style.css&ver=4.10	1616528688910	1616528689268	OK	 
REQUEST		jquery.cycle2.min.js?ver=5.1.1	1616528689159	1616528689284	OK	 
REQUEST		thumbs_fidel-castro-en-primer-plano-1.jpg	1616528688981	1616528689286	OK	 
REQUEST		thumbs_fidel-castro-en-primer-plano-15.jpg	1616528688983	1616528689315	OK	 
REQUEST		thumbs_fidel-castro-en-primer-plano-13.jpg	1616528688984	1616528689317	OK	 
REQUEST		thumbs_fidel-castro-en-primer-plano-2.jpg	1616528689250	1616528689341	OK	 
REQUEST		modernizr.js?ver=5.1.1	1616528689264	1616528689344	OK	 
REQUEST		jquery.js&ver=4.10	1616528688912	1616528689349	OK	 
REQUEST		podcast_cd.png	1616528689287	1616528689365	OK	 
REQUEST		wp-embed.min.js&ver=4.10	1616528689165	1616528689375	OK	 
REQUEST		thumbs_fidel-castro-en-primer-plano-6.jpg	1616528689316	1616528689404	OK	 
REQUEST		scripts.js&ver=4.10	1616528689149	1616528689423	OK	 
REQUEST		thumbs_fidel-castro-en-primer-plano-7.jpg	1616528689365	1616528689461	OK	 
REQUEST		thumbs_fidel-castro-en-primer-plano-14.jpg	1616528689318	1616528689498	OK	 
REQUEST		thumbs_fidel-castro-en-primer-plano-9.jpg	1616528689342	1616528689512	OK	 
REQUEST		R3A9055-180x150.jpg	1616528689462	1616528689521	OK	 
REQUEST		thumbs_fidel-castro-en-primer-plano-16.jpg	1616528689405	1616528689541	OK	 
REQUEST		R3A9339-180x150.jpg	1616528689513	1616528689614	OK	 
REQUEST		R3A9043-180x150.jpg	1616528689499	1616528689619	OK	 
REQUEST		ordenamiento-monetario.jpg	1616528689171	1616528689667	OK	 
REQUEST		coronavirus-banner-300px-150x125.png	1616528689542	1616528689798	OK	 
REQUEST		DSC8729-1024x661.jpg	1616528689522	1616528689862	OK	 
REQUEST		a5725c908c26ba6331d11.jpg	1616528689669	1616528689941	OK	 
REQUEST		full-jose-denis.jpg	1616528689863	1616528690147	OK	 
REQUEST		vacuna-abdala-acn-150x125.png	1616528689942	1616528690154	OK	 
REQUEST		utilizacion-de-tecnologia-rustica-6492-180x150.jpg	1616528690150	1616528690225	OK	 
REQUEST		trabajadores-de-la-brigada-No.1-de-Promat-6445-180x150.jpg	1616528690156	1616528690234	OK	 
REQUEST		Miguel-angel-Iglesias-administrador-del-taller-San-Agustin-6479-180x150.jpg	1616528690226	1616528690296	OK	 
REQUEST		atilio-boron.jpg	1616528690236	1616528690313	OK	 
REQUEST		ensayo-de-intervencion-soberana-02-cuba.jpg	1616528689800	1616528690348	OK	 
REQUEST		MICRORELATOS-2.jpg	1616528689621	1616528690366	OK	 
REQUEST		6059a02459bf5b7c381595ed-150x125.jpg	1616528690366	1616528690445	OK	 
REQUEST		PORTADA-VACUNA-2-940x520.jpg	1616528688979	1616528690457	OK	 
REQUEST		La-hija-del-rey-dragón-copia-150x125.png	1616528690349	1616528690532	OK	 
REQUEST		luis-a-montero-cabrera.jpg	1616528690446	1616528690539	OK	 
REQUEST		gracziella-pogolotti.jpg	1616528690458	1616528690542	OK	 
REQUEST		telam-casofacundo-madrejpg.jpg_1718483347.jpg	1616528690315	1616528690590	OK	 
REQUEST		boris-luis-cabrera-acosta.jpg	1616528690534	1616528690600	OK	 
REQUEST		giraldo-mazola.jpg	1616528690543	1616528690621	OK	 
REQUEST		cesar-gomez-chacon.jpg	1616528690541	1616528690624	OK	 
REQUEST		miguel-diaz-canel.jpg	1616528690602	1616528690670	OK	 
REQUEST		razonesdecuba.jpg	1616528690623	1616528690679	OK	 
REQUEST		TumbaTolstoi.jpg	1616528690298	1616528690697	OK	 
REQUEST		mesa-redonda.jpg	1616528690625	1616528690701	OK	 
REQUEST		ines-maria-chapman-waugh.jpg	1616528690592	1616528690732	OK	 
REQUEST		request_5	1616528690699	1616528690819	OK	 
REQUEST		request_3	1616528690672	1616528690855	OK	 
REQUEST		ordenamiento-monetario-agricultura-580x321.png	1616528689617	1616528690941	OK	 
REQUEST		request_4	1616528690681	1616528690965	OK	 
USER	Cubadebate	END	1616528691985
