RUN	RecordedSimulation	recordedsimulation	1616528912249	 	3.5.1
USER	RecordedSimulation	START	1616528913682
REQUEST		request_0	1616528913706	1616528914232	OK	 
REQUEST		favicon.ico	1616528914413	1616528914506	OK	 
REQUEST		ordenamiento-monetario.jpg	1616528914510	1616528914581	OK	 
REQUEST		nggallery.css&ver=4.10	1616528914414	1616528914634	OK	 
REQUEST		styles.css&ver=4.10	1616528914415	1616528914666	OK	 
REQUEST		print.css&ver=4.10	1616528914415	1616528914669	OK	 
REQUEST		logo.png	1616528914416	1616528914673	OK	 
REQUEST		default.jpg?v=CT77oJvnYbw	1616528914485	1616528914676	OK	 
REQUEST		thumbs_fidel-castro-en-primer-plano-2.jpg	1616528914490	1616528914680	OK	 
REQUEST		request_1	1616528914491	1616528914682	OK	 
REQUEST		podcast_cd.png	1616528914588	1616528914683	OK	 
REQUEST		style.css&ver=4.10	1616528914414	1616528914708	OK	 
REQUEST		thumbs_fidel-castro-en-primer-plano-13.jpg	1616528914487	1616528914725	OK	 
REQUEST		thumbs_fidel-castro-en-primer-plano-12.jpg	1616528914488	1616528914731	OK	 
REQUEST		jquery.cycle2.min.js?ver=5.1.1	1616528914667	1616528914744	OK	 
REQUEST		thumbs_fidel-castro-en-primer-plano-7.jpg	1616528914681	1616528914767	OK	 
REQUEST		modernizr.js?ver=5.1.1	1616528914684	1616528914769	OK	 
REQUEST		jquery.js&ver=4.10	1616528914415	1616528914771	OK	 
REQUEST		podcast_cd.png	1616528914725	1616528914816	OK	 
REQUEST		thumbs_fidel-castro-en-primer-plano-1.jpg	1616528914731	1616528914819	OK	 
REQUEST		wp-embed.min.js&ver=4.10	1616528914670	1616528914822	OK	 
REQUEST		thumbs_fidel-castro-en-primer-plano-11.jpg	1616528914678	1616528914824	OK	 
REQUEST		thumbs_fidel-castro-en-primer-plano-6.jpg	1616528914768	1616528914846	OK	 
REQUEST		scripts.js&ver=4.10	1616528914665	1616528914884	OK	 
REQUEST		R3A9055-180x150.jpg	1616528914825	1616528914900	OK	 
REQUEST		R3A9043-180x150.jpg	1616528914847	1616528914907	OK	 
REQUEST		thumbs_fidel-castro-en-primer-plano-4.jpg	1616528914816	1616528914949	OK	 
REQUEST		thumbs_fidel-castro-en-primer-plano-10.jpg	1616528914819	1616528914951	OK	 
REQUEST		R3A9339-180x150.jpg	1616528914901	1616528914956	OK	 
REQUEST		ordenamiento-monetario.jpg	1616528914674	1616528915053	OK	 
REQUEST		coronavirus-banner-300px-150x125.png	1616528914950	1616528915162	OK	 
REQUEST		DSC8729-1024x661.jpg	1616528914908	1616528915276	OK	 
REQUEST		a5725c908c26ba6331d11.jpg	1616528915054	1616528915433	OK	 
REQUEST		full-jose-denis.jpg	1616528915278	1616528915558	OK	 
REQUEST		vacuna-abdala-acn-150x125.png	1616528915434	1616528915601	OK	 
REQUEST		utilizacion-de-tecnologia-rustica-6492-180x150.jpg	1616528915559	1616528915627	OK	 
REQUEST		PORTADA-VACUNA-2-940x520.jpg	1616528914484	1616528915650	OK	 
REQUEST		ensayo-de-intervencion-soberana-02-cuba.jpg	1616528915163	1616528915683	OK	 
REQUEST		trabajadores-de-la-brigada-No.1-de-Promat-6445-180x150.jpg	1616528915602	1616528915691	OK	 
REQUEST		Miguel-angel-Iglesias-administrador-del-taller-San-Agustin-6479-180x150.jpg	1616528915628	1616528915699	OK	 
REQUEST		atilio-boron.jpg	1616528915651	1616528915713	OK	 
REQUEST		MICRORELATOS-2.jpg	1616528914957	1616528915736	OK	 
REQUEST		6059a02459bf5b7c381595ed-150x125.jpg	1616528915714	1616528915795	OK	 
REQUEST		luis-a-montero-cabrera.jpg	1616528915737	1616528915801	OK	 
REQUEST		La-hija-del-rey-dragón-copia-150x125.png	1616528915700	1616528915866	OK	 
REQUEST		gracziella-pogolotti.jpg	1616528915796	1616528915873	OK	 
REQUEST		boris-luis-cabrera-acosta.jpg	1616528915802	1616528915881	OK	 
REQUEST		cesar-gomez-chacon.jpg	1616528915867	1616528915932	OK	 
REQUEST		giraldo-mazola.jpg	1616528915874	1616528915944	OK	 
REQUEST		razonesdecuba.jpg	1616528915944	1616528916011	OK	 
REQUEST		miguel-diaz-canel.jpg	1616528915932	1616528916018	OK	 
REQUEST		telam-casofacundo-madrejpg.jpg_1718483347.jpg	1616528915692	1616528916021	OK	 
REQUEST		TumbaTolstoi.jpg	1616528915684	1616528916044	OK	 
REQUEST		ordenamiento-monetario-agricultura-580x321.png	1616528914952	1616528916048	OK	 
REQUEST		mesa-redonda.jpg	1616528916012	1616528916092	OK	 
REQUEST		ines-maria-chapman-waugh.jpg	1616528915882	1616528916093	OK	 
REQUEST		request_4	1616528916022	1616528916158	OK	 
REQUEST		request_3	1616528916019	1616528916209	OK	 
REQUEST		request_5	1616528916045	1616528916309	OK	 
USER	RecordedSimulation	END	1616528916320
